gcc -c rngs.c -g  -Wall -fpic -coverage -lm -std=c99
gcc -c dominion.c -g  -Wall -fpic -coverage -lm -std=c99
gcc -o playdom playdom.c -g dominion.o rngs.o -Wall -fpic -coverage -lm -std=c99
gcc -c interface.c -g  -Wall -fpic -coverage -lm -std=c99
gcc -o player player.c -g  dominion.o rngs.o interface.o -Wall -fpic -coverage -lm -std=c99
gcc -o unitTest1 unitTest1.c -g dominion.o rngs.o -Wall -fpic -coverage -lm -std=c99
unitTest1.c: In function ‘main’:
unitTest1.c:20:5: warning: unused variable ‘j’ [-Wunused-variable]
 int j = initializeGame(numPlayer, k, seed, &G);
     ^
./unitTest1 >> unittestresults.out
gcc -o unitTest2 unitTest2.c -g dominion.o rngs.o -Wall -fpic -coverage -lm -std=c99
unitTest2.c: In function ‘main’:
unitTest2.c:29:5: warning: unused variable ‘current’ [-Wunused-variable]
 int current=G.handCount[0];
     ^
unitTest2.c:13:5: warning: unused variable ‘maxHandCount’ [-Wunused-variable]
 int maxHandCount = 5;
     ^
./unitTest2 >> unittestresults.out
gcov dominion.c >> unittestresults.out
cat dominion.c.gcov >> unittestresults.out 
